[ 2016-07-08T19:37:09+08:00 ] ::1 /HZAUCA2.0/
INFO: [ app_init ] --START--
INFO: Run Behavior\BuildLiteBehavior [ RunTime:0.000105s ]
INFO: [ app_init ] --END-- [ RunTime:0.009878s ]
INFO: [ app_begin ] --START--
INFO: Run Behavior\ReadHtmlCacheBehavior [ RunTime:0.017977s ]
INFO: [ app_begin ] --END-- [ RunTime:0.018322s ]
SQL: SHOW COLUMNS FROM `hzauca_activity` [ RunTime:0.0231s ]
SQL: SELECT * FROM `hzauca_activity` ORDER BY date desc LIMIT 6   [ RunTime:0.0005s ]
INFO: [ view_parse ] --START--
INFO: [ template_filter ] --START--
INFO: Run Behavior\ContentReplaceBehavior [ RunTime:0.000174s ]
INFO: [ template_filter ] --END-- [ RunTime:0.000297s ]
NOTIC: [8] Use of undefined constant aid - assumed 'aid' D:\Web\HZAUCA2.0\Application\Runtime\Cache\Home\2a94b8bda04ff446dcedd42276fc99ee.php 第 90 行.
NOTIC: [8] Use of undefined constant theme - assumed 'theme' D:\Web\HZAUCA2.0\Application\Runtime\Cache\Home\2a94b8bda04ff446dcedd42276fc99ee.php 第 90 行.
NOTIC: [8] Use of undefined constant aid - assumed 'aid' D:\Web\HZAUCA2.0\Application\Runtime\Cache\Home\2a94b8bda04ff446dcedd42276fc99ee.php 第 94 行.
NOTIC: [8] Use of undefined constant theme - assumed 'theme' D:\Web\HZAUCA2.0\Application\Runtime\Cache\Home\2a94b8bda04ff446dcedd42276fc99ee.php 第 94 行.
NOTIC: [8] Use of undefined constant aid - assumed 'aid' D:\Web\HZAUCA2.0\Application\Runtime\Cache\Home\2a94b8bda04ff446dcedd42276fc99ee.php 第 98 行.
NOTIC: [8] Use of undefined constant theme - assumed 'theme' D:\Web\HZAUCA2.0\Application\Runtime\Cache\Home\2a94b8bda04ff446dcedd42276fc99ee.php 第 98 行.
NOTIC: [8] Use of undefined constant aid - assumed 'aid' D:\Web\HZAUCA2.0\Application\Runtime\Cache\Home\2a94b8bda04ff446dcedd42276fc99ee.php 第 102 行.
NOTIC: [8] Use of undefined constant theme - assumed 'theme' D:\Web\HZAUCA2.0\Application\Runtime\Cache\Home\2a94b8bda04ff446dcedd42276fc99ee.php 第 102 行.
NOTIC: [8] Use of undefined constant aid - assumed 'aid' D:\Web\HZAUCA2.0\Application\Runtime\Cache\Home\2a94b8bda04ff446dcedd42276fc99ee.php 第 106 行.
NOTIC: [8] Use of undefined constant theme - assumed 'theme' D:\Web\HZAUCA2.0\Application\Runtime\Cache\Home\2a94b8bda04ff446dcedd42276fc99ee.php 第 106 行.
NOTIC: [8] Use of undefined constant aid - assumed 'aid' D:\Web\HZAUCA2.0\Application\Runtime\Cache\Home\2a94b8bda04ff446dcedd42276fc99ee.php 第 110 行.
NOTIC: [8] Use of undefined constant theme - assumed 'theme' D:\Web\HZAUCA2.0\Application\Runtime\Cache\Home\2a94b8bda04ff446dcedd42276fc99ee.php 第 110 行.
INFO: Run Behavior\ParseTemplateBehavior [ RunTime:0.073537s ]
INFO: [ view_parse ] --END-- [ RunTime:0.073683s ]
INFO: [ view_filter ] --START--
INFO: Run Behavior\WriteHtmlCacheBehavior [ RunTime:0.013441s ]
INFO: [ view_filter ] --END-- [ RunTime:0.013666s ]
INFO: [ app_end ] --START--
INFO: Run Behavior\ShowPageTraceBehavior [ RunTime:0.103342s ]
INFO: [ app_end ] --END-- [ RunTime:0.103564s ]

[ 2016-07-08T20:01:31+08:00 ] ::1 /HZAUCA2.0/
INFO: [ app_init ] --START--
INFO: Run Behavior\BuildLiteBehavior [ RunTime:0.000026s ]
INFO: [ app_init ] --END-- [ RunTime:0.000739s ]
INFO: [ app_begin ] --START--
INFO: Run Behavior\ReadHtmlCacheBehavior [ RunTime:0.001628s ]
INFO: [ app_begin ] --END-- [ RunTime:0.001789s ]
SQL: SHOW COLUMNS FROM `hzauca_activity` [ RunTime:0.0345s ]
SQL: SELECT * FROM `hzauca_activity` ORDER BY date desc LIMIT 6   [ RunTime:0.0004s ]
INFO: [ view_parse ] --START--
INFO: [ template_filter ] --START--
INFO: Run Behavior\ContentReplaceBehavior [ RunTime:0.000178s ]
INFO: [ template_filter ] --END-- [ RunTime:0.000302s ]
NOTIC: [8] Use of undefined constant aid - assumed 'aid' D:\Web\HZAUCA2.0\Application\Runtime\Cache\Home\2a94b8bda04ff446dcedd42276fc99ee.php 第 90 行.
NOTIC: [8] Use of undefined constant theme - assumed 'theme' D:\Web\HZAUCA2.0\Application\Runtime\Cache\Home\2a94b8bda04ff446dcedd42276fc99ee.php 第 90 行.
NOTIC: [8] Use of undefined constant aid - assumed 'aid' D:\Web\HZAUCA2.0\Application\Runtime\Cache\Home\2a94b8bda04ff446dcedd42276fc99ee.php 第 94 行.
NOTIC: [8] Use of undefined constant theme - assumed 'theme' D:\Web\HZAUCA2.0\Application\Runtime\Cache\Home\2a94b8bda04ff446dcedd42276fc99ee.php 第 94 行.
NOTIC: [8] Use of undefined constant aid - assumed 'aid' D:\Web\HZAUCA2.0\Application\Runtime\Cache\Home\2a94b8bda04ff446dcedd42276fc99ee.php 第 98 行.
NOTIC: [8] Use of undefined constant theme - assumed 'theme' D:\Web\HZAUCA2.0\Application\Runtime\Cache\Home\2a94b8bda04ff446dcedd42276fc99ee.php 第 98 行.
NOTIC: [8] Use of undefined constant aid - assumed 'aid' D:\Web\HZAUCA2.0\Application\Runtime\Cache\Home\2a94b8bda04ff446dcedd42276fc99ee.php 第 102 行.
NOTIC: [8] Use of undefined constant theme - assumed 'theme' D:\Web\HZAUCA2.0\Application\Runtime\Cache\Home\2a94b8bda04ff446dcedd42276fc99ee.php 第 102 行.
NOTIC: [8] Use of undefined constant aid - assumed 'aid' D:\Web\HZAUCA2.0\Application\Runtime\Cache\Home\2a94b8bda04ff446dcedd42276fc99ee.php 第 106 行.
NOTIC: [8] Use of undefined constant theme - assumed 'theme' D:\Web\HZAUCA2.0\Application\Runtime\Cache\Home\2a94b8bda04ff446dcedd42276fc99ee.php 第 106 行.
NOTIC: [8] Use of undefined constant aid - assumed 'aid' D:\Web\HZAUCA2.0\Application\Runtime\Cache\Home\2a94b8bda04ff446dcedd42276fc99ee.php 第 110 行.
NOTIC: [8] Use of undefined constant theme - assumed 'theme' D:\Web\HZAUCA2.0\Application\Runtime\Cache\Home\2a94b8bda04ff446dcedd42276fc99ee.php 第 110 行.
INFO: Run Behavior\ParseTemplateBehavior [ RunTime:0.015722s ]
INFO: [ view_parse ] --END-- [ RunTime:0.015861s ]
INFO: [ view_filter ] --START--
INFO: Run Behavior\WriteHtmlCacheBehavior [ RunTime:0.001078s ]
INFO: [ view_filter ] --END-- [ RunTime:0.001217s ]
INFO: [ app_end ] --START--
INFO: Run Behavior\ShowPageTraceBehavior [ RunTime:0.001808s ]
INFO: [ app_end ] --END-- [ RunTime:0.002049s ]

[ 2016-07-08T20:01:51+08:00 ] ::1 /HZAUCA2.0/index.php/Home/Index/allActivity
INFO: [ app_init ] --START--
INFO: Run Behavior\BuildLiteBehavior [ RunTime:0.000039s ]
INFO: [ app_init ] --END-- [ RunTime:0.001101s ]
INFO: [ app_begin ] --START--
INFO: Run Behavior\ReadHtmlCacheBehavior [ RunTime:0.001551s ]
INFO: [ app_begin ] --END-- [ RunTime:0.001767s ]
SQL: SHOW COLUMNS FROM `hzauca_activity` [ RunTime:0.0273s ]
SQL: SELECT * FROM `hzauca_activity`  [ RunTime:0.0005s ]
INFO: [ view_parse ] --START--
INFO: [ template_filter ] --START--
INFO: Run Behavior\ContentReplaceBehavior [ RunTime:0.000407s ]
INFO: [ template_filter ] --END-- [ RunTime:0.000833s ]
INFO: Run Behavior\ParseTemplateBehavior [ RunTime:0.105921s ]
INFO: [ view_parse ] --END-- [ RunTime:0.106315s ]
INFO: [ view_filter ] --START--
INFO: Run Behavior\WriteHtmlCacheBehavior [ RunTime:0.003055s ]
INFO: [ view_filter ] --END-- [ RunTime:0.003604s ]
INFO: [ app_end ] --START--
INFO: Run Behavior\ShowPageTraceBehavior [ RunTime:0.005215s ]
INFO: [ app_end ] --END-- [ RunTime:0.005976s ]

