[ 2016-07-07T10:42:02+08:00 ] 127.0.0.1 /HZAUCA2.0/
INFO: [ app_init ] --START--
INFO: Run Behavior\BuildLiteBehavior [ RunTime:0.000082s ]
INFO: [ app_init ] --END-- [ RunTime:0.040644s ]
INFO: [ app_begin ] --START--
INFO: Run Behavior\ReadHtmlCacheBehavior [ RunTime:0.021241s ]
INFO: [ app_begin ] --END-- [ RunTime:0.021645s ]
SQL: SHOW COLUMNS FROM `hzauca_activity` [ RunTime:0.0767s ]
SQL: SELECT * FROM `hzauca_activity` ORDER BY date desc LIMIT 6   [ RunTime:0.0034s ]
INFO: [ view_parse ] --START--
INFO: [ template_filter ] --START--
INFO: Run Behavior\ContentReplaceBehavior [ RunTime:0.024593s ]
INFO: [ template_filter ] --END-- [ RunTime:0.024806s ]
NOTIC: [8] Use of undefined constant aid - assumed 'aid' D:\Web\HZAUCA2.0\Application\Runtime\Cache\Home\2a94b8bda04ff446dcedd42276fc99ee.php 第 90 行.
NOTIC: [8] Use of undefined constant theme - assumed 'theme' D:\Web\HZAUCA2.0\Application\Runtime\Cache\Home\2a94b8bda04ff446dcedd42276fc99ee.php 第 90 行.
NOTIC: [8] Use of undefined constant aid - assumed 'aid' D:\Web\HZAUCA2.0\Application\Runtime\Cache\Home\2a94b8bda04ff446dcedd42276fc99ee.php 第 94 行.
NOTIC: [8] Use of undefined constant theme - assumed 'theme' D:\Web\HZAUCA2.0\Application\Runtime\Cache\Home\2a94b8bda04ff446dcedd42276fc99ee.php 第 94 行.
NOTIC: [8] Use of undefined constant aid - assumed 'aid' D:\Web\HZAUCA2.0\Application\Runtime\Cache\Home\2a94b8bda04ff446dcedd42276fc99ee.php 第 98 行.
NOTIC: [8] Use of undefined constant theme - assumed 'theme' D:\Web\HZAUCA2.0\Application\Runtime\Cache\Home\2a94b8bda04ff446dcedd42276fc99ee.php 第 98 行.
NOTIC: [8] Use of undefined constant aid - assumed 'aid' D:\Web\HZAUCA2.0\Application\Runtime\Cache\Home\2a94b8bda04ff446dcedd42276fc99ee.php 第 102 行.
NOTIC: [8] Use of undefined constant theme - assumed 'theme' D:\Web\HZAUCA2.0\Application\Runtime\Cache\Home\2a94b8bda04ff446dcedd42276fc99ee.php 第 102 行.
NOTIC: [8] Use of undefined constant aid - assumed 'aid' D:\Web\HZAUCA2.0\Application\Runtime\Cache\Home\2a94b8bda04ff446dcedd42276fc99ee.php 第 106 行.
NOTIC: [8] Use of undefined constant theme - assumed 'theme' D:\Web\HZAUCA2.0\Application\Runtime\Cache\Home\2a94b8bda04ff446dcedd42276fc99ee.php 第 106 行.
NOTIC: [8] Use of undefined constant aid - assumed 'aid' D:\Web\HZAUCA2.0\Application\Runtime\Cache\Home\2a94b8bda04ff446dcedd42276fc99ee.php 第 110 行.
NOTIC: [8] Use of undefined constant theme - assumed 'theme' D:\Web\HZAUCA2.0\Application\Runtime\Cache\Home\2a94b8bda04ff446dcedd42276fc99ee.php 第 110 行.
INFO: Run Behavior\ParseTemplateBehavior [ RunTime:0.133268s ]
INFO: [ view_parse ] --END-- [ RunTime:0.133540s ]
INFO: [ view_filter ] --START--
INFO: Run Behavior\WriteHtmlCacheBehavior [ RunTime:0.030820s ]
INFO: [ view_filter ] --END-- [ RunTime:0.030957s ]
INFO: [ app_end ] --START--
INFO: Run Behavior\ShowPageTraceBehavior [ RunTime:0.071670s ]
INFO: [ app_end ] --END-- [ RunTime:0.072054s ]

[ 2016-07-07T10:42:17+08:00 ] 127.0.0.1 /HZAUCA2.0/index.php/Home/Index/allActivity
INFO: [ app_init ] --START--
INFO: Run Behavior\BuildLiteBehavior [ RunTime:0.000026s ]
INFO: [ app_init ] --END-- [ RunTime:0.000697s ]
INFO: [ app_begin ] --START--
INFO: Run Behavior\ReadHtmlCacheBehavior [ RunTime:0.000871s ]
INFO: [ app_begin ] --END-- [ RunTime:0.000989s ]
SQL: SHOW COLUMNS FROM `hzauca_activity` [ RunTime:0.0066s ]
SQL: SELECT * FROM `hzauca_activity`  [ RunTime:0.0003s ]
INFO: [ view_parse ] --START--
INFO: [ template_filter ] --START--
INFO: Run Behavior\ContentReplaceBehavior [ RunTime:0.000411s ]
INFO: [ template_filter ] --END-- [ RunTime:0.000838s ]
INFO: Run Behavior\ParseTemplateBehavior [ RunTime:0.164440s ]
INFO: [ view_parse ] --END-- [ RunTime:0.164837s ]
INFO: [ view_filter ] --START--
INFO: Run Behavior\WriteHtmlCacheBehavior [ RunTime:0.002361s ]
INFO: [ view_filter ] --END-- [ RunTime:0.002756s ]
INFO: [ app_end ] --START--
INFO: Run Behavior\ShowPageTraceBehavior [ RunTime:0.003576s ]
INFO: [ app_end ] --END-- [ RunTime:0.004064s ]

[ 2016-07-07T10:42:20+08:00 ] 127.0.0.1 /HZAUCA2.0/index.php/Home/Index/contents/aid/1
INFO: [ app_init ] --START--
INFO: Run Behavior\BuildLiteBehavior [ RunTime:0.000027s ]
INFO: [ app_init ] --END-- [ RunTime:0.000702s ]
INFO: [ app_begin ] --START--
INFO: Run Behavior\ReadHtmlCacheBehavior [ RunTime:0.000951s ]
INFO: [ app_begin ] --END-- [ RunTime:0.001100s ]
SQL: SHOW COLUMNS FROM `hzauca_activity` [ RunTime:0.0060s ]
SQL: SELECT * FROM `hzauca_activity` WHERE ( aid=1 ) LIMIT 1   [ RunTime:0.0670s ]
INFO: [ view_parse ] --START--
INFO: [ template_filter ] --START--
INFO: Run Behavior\ContentReplaceBehavior [ RunTime:0.000123s ]
INFO: [ template_filter ] --END-- [ RunTime:0.000243s ]
INFO: Run Behavior\ParseTemplateBehavior [ RunTime:0.040077s ]
INFO: [ view_parse ] --END-- [ RunTime:0.040456s ]
INFO: [ view_filter ] --START--
INFO: Run Behavior\WriteHtmlCacheBehavior [ RunTime:0.002473s ]
INFO: [ view_filter ] --END-- [ RunTime:0.003004s ]
INFO: [ app_end ] --START--
INFO: Run Behavior\ShowPageTraceBehavior [ RunTime:0.003279s ]
INFO: [ app_end ] --END-- [ RunTime:0.003867s ]

[ 2016-07-07T15:32:11+08:00 ] ::1 /HZAUCA2.0/
INFO: [ app_init ] --START--
INFO: Run Behavior\BuildLiteBehavior [ RunTime:0.000146s ]
INFO: [ app_init ] --END-- [ RunTime:0.040083s ]
INFO: [ app_begin ] --START--
INFO: Run Behavior\ReadHtmlCacheBehavior [ RunTime:0.021977s ]
INFO: [ app_begin ] --END-- [ RunTime:0.022474s ]
SQL: SHOW COLUMNS FROM `hzauca_activity` [ RunTime:0.0675s ]
SQL: SELECT * FROM `hzauca_activity` ORDER BY date desc LIMIT 6   [ RunTime:0.0345s ]
INFO: [ view_parse ] --START--
INFO: [ template_filter ] --START--
INFO: Run Behavior\ContentReplaceBehavior [ RunTime:0.013085s ]
INFO: [ template_filter ] --END-- [ RunTime:0.013522s ]
NOTIC: [8] Use of undefined constant aid - assumed 'aid' D:\Web\HZAUCA2.0\Application\Runtime\Cache\Home\2a94b8bda04ff446dcedd42276fc99ee.php 第 90 行.
NOTIC: [8] Use of undefined constant theme - assumed 'theme' D:\Web\HZAUCA2.0\Application\Runtime\Cache\Home\2a94b8bda04ff446dcedd42276fc99ee.php 第 90 行.
NOTIC: [8] Use of undefined constant aid - assumed 'aid' D:\Web\HZAUCA2.0\Application\Runtime\Cache\Home\2a94b8bda04ff446dcedd42276fc99ee.php 第 94 行.
NOTIC: [8] Use of undefined constant theme - assumed 'theme' D:\Web\HZAUCA2.0\Application\Runtime\Cache\Home\2a94b8bda04ff446dcedd42276fc99ee.php 第 94 行.
NOTIC: [8] Use of undefined constant aid - assumed 'aid' D:\Web\HZAUCA2.0\Application\Runtime\Cache\Home\2a94b8bda04ff446dcedd42276fc99ee.php 第 98 行.
NOTIC: [8] Use of undefined constant theme - assumed 'theme' D:\Web\HZAUCA2.0\Application\Runtime\Cache\Home\2a94b8bda04ff446dcedd42276fc99ee.php 第 98 行.
NOTIC: [8] Use of undefined constant aid - assumed 'aid' D:\Web\HZAUCA2.0\Application\Runtime\Cache\Home\2a94b8bda04ff446dcedd42276fc99ee.php 第 102 行.
NOTIC: [8] Use of undefined constant theme - assumed 'theme' D:\Web\HZAUCA2.0\Application\Runtime\Cache\Home\2a94b8bda04ff446dcedd42276fc99ee.php 第 102 行.
NOTIC: [8] Use of undefined constant aid - assumed 'aid' D:\Web\HZAUCA2.0\Application\Runtime\Cache\Home\2a94b8bda04ff446dcedd42276fc99ee.php 第 106 行.
NOTIC: [8] Use of undefined constant theme - assumed 'theme' D:\Web\HZAUCA2.0\Application\Runtime\Cache\Home\2a94b8bda04ff446dcedd42276fc99ee.php 第 106 行.
NOTIC: [8] Use of undefined constant aid - assumed 'aid' D:\Web\HZAUCA2.0\Application\Runtime\Cache\Home\2a94b8bda04ff446dcedd42276fc99ee.php 第 110 行.
NOTIC: [8] Use of undefined constant theme - assumed 'theme' D:\Web\HZAUCA2.0\Application\Runtime\Cache\Home\2a94b8bda04ff446dcedd42276fc99ee.php 第 110 行.
INFO: Run Behavior\ParseTemplateBehavior [ RunTime:0.159873s ]
INFO: [ view_parse ] --END-- [ RunTime:0.160170s ]
INFO: [ view_filter ] --START--
INFO: Run Behavior\WriteHtmlCacheBehavior [ RunTime:0.026329s ]
INFO: [ view_filter ] --END-- [ RunTime:0.026600s ]
INFO: [ app_end ] --START--
INFO: Run Behavior\ShowPageTraceBehavior [ RunTime:0.014790s ]
INFO: [ app_end ] --END-- [ RunTime:0.015045s ]

[ 2016-07-07T20:53:35+08:00 ] ::1 /HZAUCA2.0/
INFO: [ app_init ] --START--
INFO: Run Behavior\BuildLiteBehavior [ RunTime:0.000084s ]
INFO: [ app_init ] --END-- [ RunTime:0.062692s ]
INFO: [ app_begin ] --START--
INFO: Run Behavior\ReadHtmlCacheBehavior [ RunTime:0.037756s ]
INFO: [ app_begin ] --END-- [ RunTime:0.038155s ]
SQL: SHOW COLUMNS FROM `hzauca_activity` [ RunTime:0.1897s ]
SQL: SELECT * FROM `hzauca_activity` ORDER BY date desc LIMIT 6   [ RunTime:0.0119s ]
INFO: [ view_parse ] --START--
INFO: [ template_filter ] --START--
INFO: Run Behavior\ContentReplaceBehavior [ RunTime:0.292349s ]
INFO: [ template_filter ] --END-- [ RunTime:0.292789s ]
NOTIC: [8] Use of undefined constant aid - assumed 'aid' D:\Web\HZAUCA2.0\Application\Runtime\Cache\Home\2a94b8bda04ff446dcedd42276fc99ee.php 第 90 行.
NOTIC: [8] Use of undefined constant theme - assumed 'theme' D:\Web\HZAUCA2.0\Application\Runtime\Cache\Home\2a94b8bda04ff446dcedd42276fc99ee.php 第 90 行.
NOTIC: [8] Use of undefined constant aid - assumed 'aid' D:\Web\HZAUCA2.0\Application\Runtime\Cache\Home\2a94b8bda04ff446dcedd42276fc99ee.php 第 94 行.
NOTIC: [8] Use of undefined constant theme - assumed 'theme' D:\Web\HZAUCA2.0\Application\Runtime\Cache\Home\2a94b8bda04ff446dcedd42276fc99ee.php 第 94 行.
NOTIC: [8] Use of undefined constant aid - assumed 'aid' D:\Web\HZAUCA2.0\Application\Runtime\Cache\Home\2a94b8bda04ff446dcedd42276fc99ee.php 第 98 行.
NOTIC: [8] Use of undefined constant theme - assumed 'theme' D:\Web\HZAUCA2.0\Application\Runtime\Cache\Home\2a94b8bda04ff446dcedd42276fc99ee.php 第 98 行.
NOTIC: [8] Use of undefined constant aid - assumed 'aid' D:\Web\HZAUCA2.0\Application\Runtime\Cache\Home\2a94b8bda04ff446dcedd42276fc99ee.php 第 102 行.
NOTIC: [8] Use of undefined constant theme - assumed 'theme' D:\Web\HZAUCA2.0\Application\Runtime\Cache\Home\2a94b8bda04ff446dcedd42276fc99ee.php 第 102 行.
NOTIC: [8] Use of undefined constant aid - assumed 'aid' D:\Web\HZAUCA2.0\Application\Runtime\Cache\Home\2a94b8bda04ff446dcedd42276fc99ee.php 第 106 行.
NOTIC: [8] Use of undefined constant theme - assumed 'theme' D:\Web\HZAUCA2.0\Application\Runtime\Cache\Home\2a94b8bda04ff446dcedd42276fc99ee.php 第 106 行.
NOTIC: [8] Use of undefined constant aid - assumed 'aid' D:\Web\HZAUCA2.0\Application\Runtime\Cache\Home\2a94b8bda04ff446dcedd42276fc99ee.php 第 110 行.
NOTIC: [8] Use of undefined constant theme - assumed 'theme' D:\Web\HZAUCA2.0\Application\Runtime\Cache\Home\2a94b8bda04ff446dcedd42276fc99ee.php 第 110 行.
INFO: Run Behavior\ParseTemplateBehavior [ RunTime:0.930934s ]
INFO: [ view_parse ] --END-- [ RunTime:0.931327s ]
INFO: [ view_filter ] --START--
INFO: Run Behavior\WriteHtmlCacheBehavior [ RunTime:0.054040s ]
INFO: [ view_filter ] --END-- [ RunTime:0.054308s ]
INFO: [ app_end ] --START--
INFO: Run Behavior\ShowPageTraceBehavior [ RunTime:0.016436s ]
INFO: [ app_end ] --END-- [ RunTime:0.016675s ]

